<?xml version="1.0" encoding="UTF-8"?>
<!-- Generated by org.testng.reporters.JUnitXMLReporter -->
<testsuite hostname="DLLA1660" ignored="0" name="Default test" tests="10" failures="0" timestamp="2020-02-03T16:31:47 IST" time="50.013" errors="0">
  <testcase name="launchwebdriver" time="8.019" classname="com.qainfotech.automation.tatok.BasicCourse_Test"/>
  <testcase name="LaunchqainfotechVpn" time="2.332" classname="com.qainfotech.automation.tatok.BasicCourse_Test"/>
  <testcase name="Launchtatocurl" time="6.333" classname="com.qainfotech.automation.tatok.BasicCourse_Test"/>
  <testcase name="selectBasicCourse" time="1.691" classname="com.qainfotech.automation.tatok.BasicCourse_Test"/>
  <testcase name="clickOnGreenBox" time="4.872" classname="com.qainfotech.automation.tatok.BasicCourse_Test"/>
  <testcase name="matchTwoBoxes" time="16.3" classname="com.qainfotech.automation.tatok.BasicCourse_Test"/>
  <testcase name="dragDropBox" time="2.607" classname="com.qainfotech.automation.tatok.BasicCourse_Test"/>
  <testcase name="launchPopUpWindow" time="2.643" classname="com.qainfotech.automation.tatok.BasicCourse_Test"/>
  <testcase name="cookieHandling" time="5.037" classname="com.qainfotech.automation.tatok.BasicCourse_Test"/>
  <testcase name="verifyEndOfBasicCourse" time="0.08" classname="com.qainfotech.automation.tatok.BasicCourse_Test"/>
</testsuite> <!-- Default test -->
