<?xml version="1.0" encoding="UTF-8"?>
<!-- Generated by org.testng.reporters.JUnitXMLReporter -->
<testsuite ignored="0" hostname="DLLA1660" failures="0" tests="18" name="Tatoc Automation" time="75.608" errors="0" timestamp="2020-02-03T16:53:23 IST">
  <testcase classname="com.qainfotech.automation.tatok.AdvanceCourse_Test" name="launchwebdriver" time="7.636"/>
  <testcase classname="com.qainfotech.automation.tatok.AdvanceCourse_Test" name="LaunchqainfotechVpn" time="3.003"/>
  <testcase classname="com.qainfotech.automation.tatok.AdvanceCourse_Test" name="Launchtatocurl" time="6.496"/>
  <testcase classname="com.qainfotech.automation.tatok.AdvanceCourse_Test" name="clickOnAdvanceCourse" time="1.831"/>
  <testcase classname="com.qainfotech.automation.tatok.AdvanceCourse_Test" name="mouseHoverToNextButton" time="3.134"/>
  <testcase classname="com.qainfotech.automation.tatok.AdvanceCourse_Test" name="dataBaseConnection" time="13.638"/>
  <testcase classname="com.qainfotech.automation.tatok.AdvanceCourse_Test" name="vedioPlayer" time="0.533"/>
  <testcase classname="com.qainfotech.automation.tatok.AdvanceCourse_Test" name="restFul" time="0.076"/>
  <testcase classname="com.qainfotech.automation.tatok.BasicCourse_Test" name="launchwebdriver" time="3.017"/>
  <testcase classname="com.qainfotech.automation.tatok.BasicCourse_Test" name="LaunchqainfotechVpn" time="2.27"/>
  <testcase classname="com.qainfotech.automation.tatok.BasicCourse_Test" name="Launchtatocurl" time="6.384"/>
  <testcase classname="com.qainfotech.automation.tatok.BasicCourse_Test" name="selectBasicCourse" time="2.115"/>
  <testcase classname="com.qainfotech.automation.tatok.BasicCourse_Test" name="clickOnGreenBox" time="4.234"/>
  <testcase classname="com.qainfotech.automation.tatok.BasicCourse_Test" name="matchTwoBoxes" time="9.961"/>
  <testcase classname="com.qainfotech.automation.tatok.BasicCourse_Test" name="dragDropBox" time="0.961"/>
  <testcase classname="com.qainfotech.automation.tatok.BasicCourse_Test" name="launchPopUpWindow" time="3.622"/>
  <testcase classname="com.qainfotech.automation.tatok.BasicCourse_Test" name="cookieHandling" time="6.563"/>
  <testcase classname="com.qainfotech.automation.tatok.BasicCourse_Test" name="verifyEndOfBasicCourse" time="0.024"/>
</testsuite> <!-- Tatoc Automation -->
