<?xml version="1.0" encoding="UTF-8"?>
<testsuite xmlns:xsi="http://www.w3.org/2001/XMLSchema-instance" xsi:noNamespaceSchemaLocation="https://maven.apache.org/surefire/maven-surefire-plugin/xsd/surefire-test-report.xsd" name="TestSuite" time="83.495" tests="18" errors="0" skipped="0" failures="0">
  <properties>
[...]
</properties>
  <testcase name="launchwebdriver" classname="com.qainfotech.automation.tatok.AdvanceCourse_Test" time="7.639"/>
  <testcase name="LaunchqainfotechVpn" classname="com.qainfotech.automation.tatok.AdvanceCourse_Test" time="3.003"/>
  <testcase name="Launchtatocurl" classname="com.qainfotech.automation.tatok.AdvanceCourse_Test" time="6.499"/>
  <testcase name="clickOnAdvanceCourse" classname="com.qainfotech.automation.tatok.AdvanceCourse_Test" time="1.83"/>
  <testcase name="mouseHoverToNextButton" classname="com.qainfotech.automation.tatok.AdvanceCourse_Test" time="3.134"/>
  <testcase name="dataBaseConnection" classname="com.qainfotech.automation.tatok.AdvanceCourse_Test" time="13.638"/>
  <testcase name="vedioPlayer" classname="com.qainfotech.automation.tatok.AdvanceCourse_Test" time="0.537"/>
  <testcase name="restFul" classname="com.qainfotech.automation.tatok.AdvanceCourse_Test" time="0.073"/>
  <testcase name="launchwebdriver" classname="com.qainfotech.automation.tatok.BasicCourse_Test" time="3.023"/>
  <testcase name="LaunchqainfotechVpn" classname="com.qainfotech.automation.tatok.BasicCourse_Test" time="2.268"/>
  <testcase name="Launchtatocurl" classname="com.qainfotech.automation.tatok.BasicCourse_Test" time="6.383"/>
  <testcase name="selectBasicCourse" classname="com.qainfotech.automation.tatok.BasicCourse_Test" time="2.115"/>
  <testcase name="clickOnGreenBox" classname="com.qainfotech.automation.tatok.BasicCourse_Test" time="4.234"/>
  <testcase name="matchTwoBoxes" classname="com.qainfotech.automation.tatok.BasicCourse_Test" time="9.968"/>
  <testcase name="dragDropBox" classname="com.qainfotech.automation.tatok.BasicCourse_Test" time="0.953"/>
  <testcase name="launchPopUpWindow" classname="com.qainfotech.automation.tatok.BasicCourse_Test" time="3.624"/>
  <testcase name="cookieHandling" classname="com.qainfotech.automation.tatok.BasicCourse_Test" time="6.562"/>
  <testcase name="verifyEndOfBasicCourse" classname="com.qainfotech.automation.tatok.BasicCourse_Test" time="0.024"/>
</testsuite>